
{"level":60,"time":1648160782784,"pid":93,"hostname":"e281df2687e4","msg":"Cannot read properties of undefined (reading 'joinColumns')"}
{"level":50,"time":1648160783272,"pid":93,"hostname":"e281df2687e4","method":"GET","url":"/boards/c6c23a50-1536-4cd1-843e-e5989b92c197/tasks/a1400f69-916a-492c-9075-6a9a328b7354","query":{},"body":null,"statusCode":500,"exception":"Cannot read properties of undefined (reading 'joinColumns')","classException":"TypeError","responseTime":"0ms"}
{"level":60,"time":1648160835570,"pid":106,"hostname":"e281df2687e4","msg":"Cannot read properties of undefined (reading 'joinColumns')"}
{"level":50,"time":1648160836041,"pid":106,"hostname":"e281df2687e4","method":"GET","url":"/boards/c6c23a50-1536-4cd1-843e-e5989b92c197/tasks/a1400f69-916a-492c-9075-6a9a328b7354","query":{},"body":null,"statusCode":500,"exception":"Cannot read properties of undefined (reading 'joinColumns')","classException":"TypeError","responseTime":"1ms"}
{"level":60,"time":1648160933037,"pid":132,"hostname":"e281df2687e4","msg":"Cannot read properties of undefined (reading 'joinColumns')"}
{"level":50,"time":1648160933693,"pid":132,"hostname":"e281df2687e4","method":"GET","url":"/boards/c6c23a50-1536-4cd1-843e-e5989b92c197/tasks/a1400f69-916a-492c-9075-6a9a328b7354","query":{},"body":null,"statusCode":500,"exception":"Cannot read properties of undefined (reading 'joinColumns')","classException":"TypeError","responseTime":"0ms"}
{"level":60,"time":1648161042699,"pid":158,"hostname":"e281df2687e4","msg":"Cannot read properties of undefined (reading 'joinColumns')"}
{"level":50,"time":1648161043424,"pid":158,"hostname":"e281df2687e4","method":"GET","url":"/boards/c6c23a50-1536-4cd1-843e-e5989b92c197/tasks/a1400f69-916a-492c-9075-6a9a328b7354","query":{},"body":null,"statusCode":500,"exception":"Cannot read properties of undefined (reading 'joinColumns')","classException":"TypeError","responseTime":"0ms"}
{"level":60,"time":1648161046695,"pid":158,"hostname":"e281df2687e4","msg":"Cannot read properties of undefined (reading 'joinColumns')"}
{"level":50,"time":1648161047504,"pid":158,"hostname":"e281df2687e4","method":"GET","url":"/boards/c6c23a50-1536-4cd1-843e-e5989b92c197/tasks/a1400f69-916a-492c-9075-6a9a328b7354","query":{},"body":null,"statusCode":500,"exception":"Cannot read properties of undefined (reading 'joinColumns')","classException":"TypeError","responseTime":"0ms"}
{"level":60,"time":1648161540561,"pid":197,"hostname":"e281df2687e4","msg":"Cannot read properties of undefined (reading 'joinColumns')"}
{"level":50,"time":1648161541425,"pid":197,"hostname":"e281df2687e4","method":"GET","url":"/boards/c6c23a50-1536-4cd1-843e-e5989b92c197/tasks/a1400f69-916a-492c-9075-6a9a328b7354","query":{},"body":null,"statusCode":500,"exception":"Cannot read properties of undefined (reading 'joinColumns')","classException":"TypeError","responseTime":"0ms"}
{"level":60,"time":1648161569912,"pid":210,"hostname":"e281df2687e4","msg":"Cannot read properties of undefined (reading 'joinColumns')"}
{"level":50,"time":1648161570525,"pid":210,"hostname":"e281df2687e4","method":"GET","url":"/boards/c6c23a50-1536-4cd1-843e-e5989b92c197/tasks/a1400f69-916a-492c-9075-6a9a328b7354","query":{},"body":null,"statusCode":500,"exception":"Cannot read properties of undefined (reading 'joinColumns')","classException":"TypeError","responseTime":"0ms"}
{"level":60,"time":1648161618100,"pid":236,"hostname":"e281df2687e4","msg":"Cannot read properties of undefined (reading 'joinColumns')"}
{"level":50,"time":1648161618780,"pid":236,"hostname":"e281df2687e4","method":"GET","url":"/boards/c6c23a50-1536-4cd1-843e-e5989b92c197/tasks/a1400f69-916a-492c-9075-6a9a328b7354","query":{},"body":null,"statusCode":500,"exception":"Cannot read properties of undefined (reading 'joinColumns')","classException":"TypeError","responseTime":"0ms"}
{"level":60,"time":1648162309161,"pid":64,"hostname":"e281df2687e4","msg":"Cannot read properties of undefined (reading 'joinColumns')"}
{"level":50,"time":1648162309355,"pid":64,"hostname":"e281df2687e4","method":"GET","url":"/boards/c6c23a50-1536-4cd1-843e-e5989b92c197/tasks/a1400f69-916a-492c-9075-6a9a328b7354","query":{},"body":null,"statusCode":500,"exception":"Cannot read properties of undefined (reading 'joinColumns')","classException":"TypeError","responseTime":"0ms"}
{"level":60,"time":1648162673768,"pid":90,"hostname":"e281df2687e4","msg":"Cannot read properties of undefined (reading 'joinColumns')"}
{"level":50,"time":1648162674241,"pid":90,"hostname":"e281df2687e4","method":"GET","url":"/boards/c6c23a50-1536-4cd1-843e-e5989b92c197/tasks/a1400f69-916a-492c-9075-6a9a328b7354","query":{},"body":null,"statusCode":500,"exception":"Cannot read properties of undefined (reading 'joinColumns')","classException":"TypeError","responseTime":"1ms"}
{"level":60,"time":1648162734175,"pid":103,"hostname":"e281df2687e4","msg":"Cannot read properties of undefined (reading 'joinColumns')"}
{"level":50,"time":1648162734315,"pid":103,"hostname":"e281df2687e4","method":"GET","url":"/boards/c6c23a50-1536-4cd1-843e-e5989b92c197/tasks/a1400f69-916a-492c-9075-6a9a328b7354","query":{},"body":null,"statusCode":500,"exception":"Cannot read properties of undefined (reading 'joinColumns')","classException":"TypeError","responseTime":"0ms"}
{"level":60,"time":1648162897650,"pid":65,"hostname":"e281df2687e4","msg":"Cannot read properties of undefined (reading 'joinColumns')"}
{"level":50,"time":1648162898133,"pid":65,"hostname":"e281df2687e4","method":"GET","url":"/boards/c6c23a50-1536-4cd1-843e-e5989b92c197/tasks/a1400f69-916a-492c-9075-6a9a328b7354","query":{},"body":null,"statusCode":500,"exception":"Cannot read properties of undefined (reading 'joinColumns')","classException":"TypeError","responseTime":"0ms"}
{"level":60,"time":1648162899616,"pid":65,"hostname":"e281df2687e4","msg":"Cannot read properties of undefined (reading 'joinColumns')"}
{"level":50,"time":1648162900217,"pid":65,"hostname":"e281df2687e4","method":"GET","url":"/boards/c6c23a50-1536-4cd1-843e-e5989b92c197/tasks/a1400f69-916a-492c-9075-6a9a328b7354","query":{},"body":null,"statusCode":500,"exception":"Cannot read properties of undefined (reading 'joinColumns')","classException":"TypeError","responseTime":"1ms"}
{"level":60,"time":1648163487133,"pid":51,"hostname":"6de208addaa8","msg":"insert or update on table \"tasks\" violates foreign key constraint \"FK_8a75fdea98c72c539a0879cb0d1\""}
{"level":50,"time":1648163487651,"pid":51,"hostname":"6de208addaa8","method":"POST","url":"/boards/c6c23a50-1536-4cd1-843e-e5989b92c197/tasks","query":{},"body":{"title":"Task: pet the cat 3","order":2,"description":"Domestic cat needs to be stroked gently","userId":"bc1cc48e-3acf-441d-81f8-4d8261d4fce9","boardId":"9a111e19-24ec-43e1-b8c4-13776842b8d5","columnId":"dff58608-ddcf-44ad-ac05-02bdd7d4c89f"},"statusCode":500,"exception":"insert or update on table \"tasks\" violates foreign key constraint \"FK_8a75fdea98c72c539a0879cb0d1\"","classException":"QueryFailedError","responseTime":"0ms"}
{"level":60,"time":1648163744823,"pid":51,"hostname":"480bfb5987c2","msg":"insert or update on table \"tasks\" violates foreign key constraint \"FK_8a75fdea98c72c539a0879cb0d1\""}
{"level":50,"time":1648163745718,"pid":51,"hostname":"480bfb5987c2","method":"POST","url":"/boards/c6c23a50-1536-4cd1-843e-e5989b92c197/tasks","query":{},"body":{"title":"Task: pet the cat 3","order":2,"description":"Domestic cat needs to be stroked gently","userId":"b2d92061-7d23-4641-af52-dd39f95b99f8","boardId":"be780168-5209-4162-b342-443b23c19e02","columnId":"7b0b41b3-c01e-4139-998f-3ff25d20dc4f"},"statusCode":500,"exception":"insert or update on table \"tasks\" violates foreign key constraint \"FK_8a75fdea98c72c539a0879cb0d1\"","classException":"QueryFailedError","responseTime":"0ms"}
{"level":60,"time":1648163909786,"pid":77,"hostname":"480bfb5987c2","msg":"insert or update on table \"tasks\" violates foreign key constraint \"FK_8a75fdea98c72c539a0879cb0d1\""}
{"level":50,"time":1648163910742,"pid":77,"hostname":"480bfb5987c2","method":"POST","url":"/boards/c6c23a50-1536-4cd1-843e-e5989b92c197/tasks","query":{},"body":{"title":"Task: pet the cat 3","order":2,"description":"Domestic cat needs to be stroked gently","userId":"b2d92061-7d23-4641-af52-dd39f95b99f8","boardId":"be780168-5209-4162-b342-443b23c19e02","columnId":"7b0b41b3-c01e-4139-998f-3ff25d20dc4f"},"statusCode":500,"exception":"insert or update on table \"tasks\" violates foreign key constraint \"FK_8a75fdea98c72c539a0879cb0d1\"","classException":"QueryFailedError","responseTime":"0ms"}
{"level":60,"time":1648164055712,"pid":103,"hostname":"480bfb5987c2","msg":"Cannot read properties of undefined (reading 'joinColumns')"}
{"level":50,"time":1648164056056,"pid":103,"hostname":"480bfb5987c2","method":"GET","url":"/boards/be780168-5209-4162-b342-443b23c19e02/tasks","query":{},"body":null,"statusCode":500,"exception":"Cannot read properties of undefined (reading 'joinColumns')","classException":"TypeError","responseTime":"0ms"}
{"level":60,"time":1648164064593,"pid":103,"hostname":"480bfb5987c2","msg":"Cannot read properties of undefined (reading 'joinColumns')"}
{"level":50,"time":1648164065152,"pid":103,"hostname":"480bfb5987c2","method":"GET","url":"/boards/be780168-5209-4162-b342-443b23c19e02/tasks","query":{},"body":null,"statusCode":500,"exception":"Cannot read properties of undefined (reading 'joinColumns')","classException":"TypeError","responseTime":"0ms"}
{"level":60,"time":1648164091941,"pid":103,"hostname":"480bfb5987c2","msg":"Cannot read properties of undefined (reading 'joinColumns')"}
{"level":50,"time":1648164092258,"pid":103,"hostname":"480bfb5987c2","method":"GET","url":"/boards/be780168-5209-4162-b342-443b23c19e02/tasks","query":{},"body":null,"statusCode":500,"exception":"Cannot read properties of undefined (reading 'joinColumns')","classException":"TypeError","responseTime":"0ms"}
{"level":60,"time":1648164134666,"pid":116,"hostname":"480bfb5987c2","msg":"Cannot read properties of undefined (reading 'joinColumns')"}
{"level":50,"time":1648164134996,"pid":116,"hostname":"480bfb5987c2","method":"GET","url":"/boards/be780168-5209-4162-b342-443b23c19e02/tasks","query":{},"body":null,"statusCode":500,"exception":"Cannot read properties of undefined (reading 'joinColumns')","classException":"TypeError","responseTime":"0ms"}
{"level":60,"time":1648164462376,"pid":142,"hostname":"480bfb5987c2","msg":"Cannot read properties of undefined (reading 'joinColumns')"}
{"level":50,"time":1648164463184,"pid":142,"hostname":"480bfb5987c2","method":"GET","url":"/boards/be780168-5209-4162-b342-443b23c19e02/tasks/52a4580c-c681-45fc-8c02-a67641ea84ef","query":{},"body":null,"statusCode":500,"exception":"Cannot read properties of undefined (reading 'joinColumns')","classException":"TypeError","responseTime":"0ms"}
{"level":60,"time":1648164467282,"pid":142,"hostname":"480bfb5987c2","msg":"Cannot read properties of undefined (reading 'joinColumns')"}
{"level":50,"time":1648164468220,"pid":142,"hostname":"480bfb5987c2","method":"GET","url":"/boards/be780168-5209-4162-b342-443b23c19e02/tasks/52a4580c-c681-45fc-8c02-a67641ea84ef","query":{},"body":null,"statusCode":500,"exception":"Cannot read properties of undefined (reading 'joinColumns')","classException":"TypeError","responseTime":"0ms"}
{"level":60,"time":1648164555408,"pid":155,"hostname":"480bfb5987c2","msg":"Cannot read properties of undefined (reading 'joinColumns')"}
{"level":50,"time":1648164555876,"pid":155,"hostname":"480bfb5987c2","method":"GET","url":"/boards/be780168-5209-4162-b342-443b23c19e02/tasks/52a4580c-c681-45fc-8c02-a67641ea84ef","query":{},"body":null,"statusCode":500,"exception":"Cannot read properties of undefined (reading 'joinColumns')","classException":"TypeError","responseTime":"0ms"}
{"level":60,"time":1648202907045,"pid":92,"hostname":"480bfb5987c2","msg":"invalid reference to FROM-clause entry for table \"files\""}
{"level":50,"time":1648202907817,"pid":92,"hostname":"480bfb5987c2","method":"GET","url":"/boards/be780168-5209-4162-b342-443b23c19e02/tasks","query":{},"body":null,"statusCode":500,"exception":"invalid reference to FROM-clause entry for table \"files\"","classException":"QueryFailedError","responseTime":"0ms"}
{"level":50,"time":1648208859331,"pid":131,"hostname":"480bfb5987c2","method":"POST","url":"/file","query":{},"body":{"taskId":"6e3abe9c-ceb1-40fa-9a04-eb2b2184daf9"},"statusCode":409,"exception":"File already exists!","classException":"HttpException","responseTime":"0ms"}
{"level":50,"time":1648209265377,"pid":52,"hostname":"480bfb5987c2","method":"POST","url":"/file","query":{},"body":{"taskId":"6e3abe9c-ceb1-40fa-9a04-eb2b2184daf9"},"statusCode":409,"exception":"File already exists!","classException":"HttpException","responseTime":"0ms"}
{"level":50,"time":1648216866493,"pid":130,"hostname":"480bfb5987c2","method":"GET","url":"/favicon.ico","query":{},"body":null,"statusCode":404,"exception":"Cannot GET /favicon.ico","classException":"NotFoundException","responseTime":"0ms"}
{"level":50,"time":1648227604734,"pid":117,"hostname":"480bfb5987c2","method":"PUT","url":"/columns/7b0b41b3-c01e-4139-998f-3ff25d20dc4f","query":{},"body":{"title":"Done","order":1,"boardId":"8d3bad56-ad8a-495d-9500-18ae4d1de8dc"},"statusCode":401,"exception":"Unauthorized","classException":"UnauthorizedException","responseTime":"0ms"}
{"level":50,"time":1648228978635,"pid":143,"hostname":"480bfb5987c2","method":"GET","url":"/columns/7b0b41b3-c01e-4139-998f-3ff25d20dc4f","query":{},"body":null,"statusCode":401,"exception":"Unauthorized","classException":"UnauthorizedException","responseTime":"0ms"}
{"level":60,"time":1648229172951,"pid":143,"hostname":"480bfb5987c2","msg":"insert or update on table \"columns\" violates foreign key constraint \"FK_ac92bfd7ba33174aabef610f361\""}
{"level":50,"time":1648229173878,"pid":143,"hostname":"480bfb5987c2","method":"POST","url":"/columns","query":{},"body":{"title":"Done","order":1,"boardId":"8d3bad56-ad8a-495d-9500-18ae4d1de8dc"},"statusCode":500,"exception":"insert or update on table \"columns\" violates foreign key constraint \"FK_ac92bfd7ba33174aabef610f361\"","classException":"QueryFailedError","responseTime":"0ms"}
{"level":50,"time":1648230414524,"pid":195,"hostname":"480bfb5987c2","method":"PUT","url":"/columns/7b0b41b3-c01e-4139-998f-3ff25d20dc4f","query":{},"body":{"title":"Done","order":1},"statusCode":401,"exception":"Unauthorized","classException":"UnauthorizedException","responseTime":"0ms"}
{"level":50,"time":1648230543419,"pid":208,"hostname":"480bfb5987c2","method":"POST","url":"/columns","query":{},"body":{"title":"Done","order":1,"boardId":"4912d404-ab76-4785-8622-e903a5a7981e"},"statusCode":401,"exception":"Unauthorized","classException":"UnauthorizedException","responseTime":"0ms"}
{"level":50,"time":1648231529131,"pid":234,"hostname":"480bfb5987c2","method":"PUT","url":"/boards/be780168-5209-4162-b342-443b23c19e02","query":{},"body":{"title":"Homework tasks#0001"},"statusCode":400,"exception":"Bad Request Exception","classException":"BadRequestException","responseTime":"0ms"}
{"level":50,"time":1648238583041,"pid":292,"hostname":"480bfb5987c2","method":"GET","url":"/columns","query":{},"body":null,"statusCode":404,"exception":"Cannot GET /columns","classException":"NotFoundException","responseTime":"0ms"}
{"level":50,"time":1648238814061,"pid":305,"hostname":"480bfb5987c2","method":"POST","url":"/boards/be780168-5209-4162-b342-443b23c19e0/columns","query":{},"body":{"title":"Fail","order":10},"statusCode":400,"exception":"Validation failed (uuid  is expected)","classException":"BadRequestException","responseTime":"0ms"}
{"level":60,"time":1648238831720,"pid":305,"hostname":"480bfb5987c2","msg":"insert or update on table \"columns\" violates foreign key constraint \"FK_ac92bfd7ba33174aabef610f361\""}
{"level":50,"time":1648238832424,"pid":305,"hostname":"480bfb5987c2","method":"POST","url":"/boards/be780168-5209-4162-b342-443b23c19e03/columns","query":{},"body":{"title":"Fail","order":10},"statusCode":500,"exception":"insert or update on table \"columns\" violates foreign key constraint \"FK_ac92bfd7ba33174aabef610f361\"","classException":"QueryFailedError","responseTime":"0ms"}
{"level":50,"time":1648310643606,"pid":51,"hostname":"480bfb5987c2","method":"GET","url":"/boards","query":{},"body":null,"statusCode":401,"exception":"Unauthorized","classException":"UnauthorizedException","responseTime":"0ms"}
{"level":50,"time":1648310917169,"pid":51,"hostname":"480bfb5987c2","method":"GET","url":"/boards/be780168-5209-4162-b342-443b23c19e02/columns/fc28c76f-92fa-4794-a8b2-8032a5304ac8","query":{},"body":null,"statusCode":404,"exception":"Column was not founded!","classException":"HttpException","responseTime":"0ms"}
{"level":50,"time":1648311022326,"pid":51,"hostname":"480bfb5987c2","method":"DELETE","url":"/boards/be780168-5209-4162-b342-443b23c19e01/columns/fc28c76f-92fa-4794-a8b2-8032a5304ac8","query":{},"body":null,"statusCode":404,"exception":"Column was not founded!","classException":"HttpException","responseTime":"0ms"}
{"level":50,"time":1648318197074,"pid":142,"hostname":"480bfb5987c2","method":"GET","url":"/boards","query":{},"body":null,"statusCode":401,"exception":"Unauthorized","classException":"UnauthorizedException","responseTime":"0ms"}
{"level":60,"time":1648318526616,"pid":142,"hostname":"480bfb5987c2","msg":"insert or update on table \"tasks\" violates foreign key constraint \"FK_166bd96559cb38595d392f75a35\""}
{"level":50,"time":1648318526940,"pid":142,"hostname":"480bfb5987c2","method":"PUT","url":"/boards/4912d404-ab76-4785-8622-e903a5a7981e/columns/7b0b41b3-c01e-4139-998f-3ff25d20dc4f/tasks/6e3abe9c-ceb1-40fa-9a04-eb2b2184daf9","query":{},"body":{"id":"40af606c-c0bb-47d1-bc20-a2857242cde3","title":"Task: pet the cat","order":1,"description":"Domestic cat needs to be stroked gently","userId":"40af606c-c0bb-47d1-bc20-a2857242cde3","boardId":"8d3bad56-ad8a-495d-9500-18ae4d1de8dc","columnId":"41344d09-b995-451f-93dc-2f17ae13a4a9"},"statusCode":500,"exception":"insert or update on table \"tasks\" violates foreign key constraint \"FK_166bd96559cb38595d392f75a35\"","classException":"QueryFailedError","responseTime":"0ms"}
{"level":50,"time":1648322964604,"pid":255,"hostname":"480bfb5987c2","method":"GET","url":"/boards/4912d404-ab76-4785-8622-e903a5a7981e/columns/7b0b41b3-c01e-4139-998f-3ff25d20dc4f/tasks","query":{},"body":null,"statusCode":401,"exception":"Unauthorized","classException":"UnauthorizedException","responseTime":"0ms"}
{"level":50,"time":1648323251517,"pid":255,"hostname":"480bfb5987c2","method":"GET","url":"/boards/4912d404-ab76-4785-8622-e903a5a7981e/columns/7b0b41b3-c01e-4139-998f-3ff25d20dc4f/tasks/40af606c-c0bb-47d1-bc20-a2857242cde3","query":{},"body":null,"statusCode":404,"exception":"Task was not founded!","classException":"HttpException","responseTime":"0ms"}
{"level":50,"time":1648323447902,"pid":268,"hostname":"480bfb5987c2","method":"PUT","url":"/boards/4912d404-ab76-4785-8622-e903a5a7981e/columns/7b0b41b3-c01e-4139-998f-3ff25d20dc4f/tasks/52a4580c-c681-45fc-8c02-a67641ea84ef","query":{},"body":{"title":"Task: pet the cat","order":1,"description":"Domestic cat needs to be stroked gently","userId":"40af606c-c0bb-47d1-bc20-a2857242cde3"},"statusCode":401,"exception":"Unauthorized","classException":"UnauthorizedException","responseTime":"1ms"}
{"level":50,"time":1648323513724,"pid":268,"hostname":"480bfb5987c2","method":"PUT","url":"/boards/4912d404-ab76-4785-8622-e903a5a7981e/columns/7b0b41b3-c01e-4139-998f-3ff25d20dc4f/tasks/52a4580c-c681-45fc-8c02-a67641ea84ef","query":{},"body":{"title":"Task: pet the cat","order":1,"description":"Domestic cat needs to be stroked gently","userId":"40af606c-c0bb-47d1-bc20-a2857242cde3"},"statusCode":400,"exception":"Bad Request Exception","classException":"BadRequestException","responseTime":"0ms"}
{"level":50,"time":1648323548334,"pid":268,"hostname":"480bfb5987c2","method":"PUT","url":"/boards/4912d404-ab76-4785-8622-e903a5a7981e/columns/7b0b41b3-c01e-4139-998f-3ff25d20dc4f/tasks/52a4580c-c681-45fc-8c02-a67641ea84ef","query":{},"body":{"title":"Task: pet the cat","order":1,"description":"Domestic cat needs to be stroked gently","userId":"40af606c-c0bb-47d1-bc20-a2857242cde3"},"statusCode":400,"exception":"Bad Request Exception","classException":"BadRequestException","responseTime":"0ms"}
{"level":60,"time":1648323614146,"pid":294,"hostname":"480bfb5987c2","msg":"insert or update on table \"tasks\" violates foreign key constraint \"FK_166bd96559cb38595d392f75a35\""}
{"level":50,"time":1648323614225,"pid":294,"hostname":"480bfb5987c2","method":"PUT","url":"/boards/4912d404-ab76-4785-8622-e903a5a7981e/columns/7b0b41b3-c01e-4139-998f-3ff25d20dc4f/tasks/52a4580c-c681-45fc-8c02-a67641ea84ef","query":{},"body":{"title":"Task: pet the cat","order":1,"description":"Domestic cat needs to be stroked gently","userId":"40af606c-c0bb-47d1-bc20-a2857242cde3"},"statusCode":500,"exception":"insert or update on table \"tasks\" violates foreign key constraint \"FK_166bd96559cb38595d392f75a35\"","classException":"QueryFailedError","responseTime":"0ms"}
{"level":50,"time":1648325599427,"pid":372,"hostname":"480bfb5987c2","method":"GET","url":"/boards","query":{},"body":null,"statusCode":401,"exception":"Unauthorized","classException":"UnauthorizedException","responseTime":"0ms"}
{"level":50,"time":1648326489333,"pid":437,"hostname":"480bfb5987c2","method":"GET","url":"/boards/4912d404-ab76-4785-8622-e903a5a7981e","query":{},"body":null,"statusCode":401,"exception":"Unauthorized","classException":"UnauthorizedException","responseTime":"0ms"}
{"level":50,"time":1648333074490,"pid":103,"hostname":"480bfb5987c2","method":"GET","url":"/boards","query":{},"body":null,"statusCode":401,"exception":"Unauthorized","classException":"UnauthorizedException","responseTime":"0ms"}
{"level":50,"time":1648333841997,"pid":142,"hostname":"480bfb5987c2","method":"GET","url":"/boards/7b0b41b3-c01e-4139-998f-3ff25d20dc4f","query":{},"body":null,"statusCode":401,"exception":"Unauthorized","classException":"UnauthorizedException","responseTime":"0ms"}
{"level":50,"time":1648333867349,"pid":142,"hostname":"480bfb5987c2","method":"GET","url":"/boards/7b0b41b3-c01e-4139-998f-3ff25d20dc4f","query":{},"body":null,"statusCode":404,"exception":"Board was not founded!","classException":"HttpException","responseTime":"0ms"}
{"level":50,"time":1648379858748,"pid":53,"hostname":"480bfb5987c2","method":"GET","url":"/boards","query":{},"body":null,"statusCode":401,"exception":"Unauthorized","classException":"UnauthorizedException","responseTime":"0ms"}
{"level":50,"time":1648384969838,"pid":170,"hostname":"480bfb5987c2","method":"GET","url":"/boards/9a111e19-24ec-43e1-b8c4-13776842b8d5","query":{},"body":null,"statusCode":404,"exception":"Board was not founded!","classException":"HttpException","responseTime":"0ms"}
{"level":50,"time":1648385264951,"pid":183,"hostname":"480bfb5987c2","method":"GET","url":"/boards/9a111e19-24ec-43e1-b8c4-13776842b8d5/columns/9a111e19-24ec-43e1-b8c4-13776842b8d5","query":{},"body":null,"statusCode":404,"exception":"Column was not founded!","classException":"HttpException","responseTime":"0ms"}
{"level":50,"time":1648385282870,"pid":183,"hostname":"480bfb5987c2","method":"DELETE","url":"/boards/9a111e19-24ec-43e1-b8c4-13776842b8d5/columns/9a111e19-24ec-43e1-b8c4-13776842b8d5","query":{},"body":null,"statusCode":404,"exception":"Column was not founded!","classException":"HttpException","responseTime":"0ms"}
{"level":50,"time":1648385295094,"pid":183,"hostname":"480bfb5987c2","method":"PUT","url":"/boards/9a111e19-24ec-43e1-b8c4-13776842b8d5/columns/9a111e19-24ec-43e1-b8c4-13776842b8d5","query":{},"body":{"title":"Done","order":1},"statusCode":404,"exception":"Column was not founded!","classException":"HttpException","responseTime":"0ms"}
{"level":50,"time":1648392060681,"pid":499,"hostname":"480bfb5987c2","method":"PUT","url":"/boards/9a111e19-24ec-43e1-b8c4-13776842b8d5/columns/9a111e19-24ec-43e1-b8c4-13776842b8d5","query":{},"body":{"title":"Done","order":1},"statusCode":404,"exception":"Column was not founded!","classException":"HttpException","responseTime":"0ms"}
{"level":50,"time":1648392085540,"pid":512,"hostname":"480bfb5987c2","method":"PUT","url":"/boards/9a111e19-24ec-43e1-b8c4-13776842b8d5/columns/9a111e19-24ec-43e1-b8c4-13776842b8d5","query":{},"body":{"title":"Done","order":1},"statusCode":404,"exception":"Column was not founded!","classException":"HttpException","responseTime":"0ms"}
{"level":50,"time":1648392088375,"pid":512,"hostname":"480bfb5987c2","method":"PUT","url":"/boards/9a111e19-24ec-43e1-b8c4-13776842b8d5/columns/9a111e19-24ec-43e1-b8c4-13776842b8d5","query":{},"body":{"title":"Done","order":1},"statusCode":404,"exception":"Column was not founded!","classException":"HttpException","responseTime":"0ms"}
{"level":50,"time":1648392109995,"pid":525,"hostname":"480bfb5987c2","method":"PUT","url":"/boards/9a111e19-24ec-43e1-b8c4-13776842b8d5/columns/9a111e19-24ec-43e1-b8c4-13776842b8d5","query":{},"body":{"title":"Done","order":1},"statusCode":404,"exception":"Column was not founded!","classException":"HttpException","responseTime":"0ms"}
{"level":50,"time":1648392111263,"pid":525,"hostname":"480bfb5987c2","method":"PUT","url":"/boards/9a111e19-24ec-43e1-b8c4-13776842b8d5/columns/9a111e19-24ec-43e1-b8c4-13776842b8d5","query":{},"body":{"title":"Done","order":1},"statusCode":404,"exception":"Column was not founded!","classException":"HttpException","responseTime":"0ms"}
{"level":50,"time":1648392115828,"pid":525,"hostname":"480bfb5987c2","method":"PUT","url":"/boards/9a111e19-24ec-43e1-b8c4-13776842b8d5/columns/9a111e19-24ec-43e1-b8c4-13776842b8d5","query":{},"body":{"title":"Done","order":1},"statusCode":404,"exception":"Column was not founded!","classException":"HttpException","responseTime":"0ms"}
{"level":50,"time":1648392116699,"pid":525,"hostname":"480bfb5987c2","method":"PUT","url":"/boards/9a111e19-24ec-43e1-b8c4-13776842b8d5/columns/9a111e19-24ec-43e1-b8c4-13776842b8d5","query":{},"body":{"title":"Done","order":1},"statusCode":404,"exception":"Column was not founded!","classException":"HttpException","responseTime":"0ms"}
{"level":50,"time":1648392140094,"pid":525,"hostname":"480bfb5987c2","method":"PUT","url":"/boards/9a111e19-24ec-43e1-b8c4-13776842b8d5/columns/9a111e19-24ec-43e1-b8c4-13776842b8d5","query":{},"body":{"title":"Done","order":1},"statusCode":404,"exception":"Column was not founded!","classException":"HttpException","responseTime":"0ms"}
{"level":50,"time":1648392167235,"pid":551,"hostname":"480bfb5987c2","method":"DELETE","url":"/boards/9a111e19-24ec-43e1-b8c4-13776842b8d5/columns/9a111e19-24ec-43e1-b8c4-13776842b8d5","query":{},"body":null,"statusCode":404,"exception":"Column was not founded!","classException":"HttpException","responseTime":"0ms"}
{"level":50,"time":1648392169144,"pid":551,"hostname":"480bfb5987c2","method":"DELETE","url":"/boards/9a111e19-24ec-43e1-b8c4-13776842b8d5/columns/9a111e19-24ec-43e1-b8c4-13776842b8d5","query":{},"body":null,"statusCode":404,"exception":"Column was not founded!","classException":"HttpException","responseTime":"0ms"}
{"level":50,"time":1648392188749,"pid":564,"hostname":"480bfb5987c2","method":"DELETE","url":"/boards/9a111e19-24ec-43e1-b8c4-13776842b8d5/columns/9a111e19-24ec-43e1-b8c4-13776842b8d5","query":{},"body":null,"statusCode":404,"exception":"Column was not founded!","classException":"HttpException","responseTime":"0ms"}
{"level":50,"time":1648392200835,"pid":577,"hostname":"480bfb5987c2","method":"DELETE","url":"/boards/9a111e19-24ec-43e1-b8c4-13776842b8d5/columns/9a111e19-24ec-43e1-b8c4-13776842b8d5","query":{},"body":null,"statusCode":404,"exception":"Column was not founded!","classException":"HttpException","responseTime":"0ms"}
{"level":50,"time":1648392221499,"pid":590,"hostname":"480bfb5987c2","method":"GET","url":"/boards/9a111e19-24ec-43e1-b8c4-13776842b8d5/columns/9a111e19-24ec-43e1-b8c4-13776842b8d5","query":{},"body":null,"statusCode":404,"exception":"Board was not founded!","classException":"HttpException","responseTime":"0ms"}
{"level":50,"time":1648416005276,"pid":129,"hostname":"480bfb5987c2","method":"GET","url":"/boards/be780168-5209-4162-b342-443b23c19e01","query":{},"body":null,"statusCode":404,"exception":"Board was not founded!","classException":"HttpException","responseTime":"0ms"}
{"level":50,"time":1648416261740,"pid":155,"hostname":"480bfb5987c2","method":"GET","url":"/boards/Board%20was%20not%20founded%21","query":{},"body":null,"statusCode":401,"exception":"Unauthorized","classException":"UnauthorizedException","responseTime":"0ms"}
{"level":50,"time":1648416271930,"pid":155,"hostname":"480bfb5987c2","method":"GET","url":"/boards/9a111e19-24ec-43e1-b8c4-13776842b8d5","query":{},"body":null,"statusCode":401,"exception":"Unauthorized","classException":"UnauthorizedException","responseTime":"0ms"}
{"level":50,"time":1648416284325,"pid":155,"hostname":"480bfb5987c2","method":"POST","url":"/signin","query":{},"body":{"login":"user001","password":"userpass@123"},"statusCode":403,"exception":"User was not founded!","classException":"HttpException","responseTime":"1ms"}
{"level":50,"time":1648416425570,"pid":155,"hostname":"480bfb5987c2","method":"GET","url":"/boards/9a111e19-24ec-43e1-b8c4-13776842b8d4","query":{},"body":null,"statusCode":404,"exception":"Board was not founded!","classException":"HttpException","responseTime":"0ms"}
{"level":50,"time":1648416998240,"pid":314,"hostname":"480bfb5987c2","method":"GET","url":"/users/40af606c-c0bb-47d1-bc20-a2857242cde4","query":{},"body":null,"statusCode":401,"exception":"Unauthorized","classException":"UnauthorizedException","responseTime":"0ms"}
{"level":50,"time":1648417020798,"pid":314,"hostname":"480bfb5987c2","method":"GET","url":"/users/40af606c-c0bb-47d1-bc20-a2857242cde4","query":{},"body":null,"statusCode":404,"exception":"User was not founded!","classException":"HttpException","responseTime":"0ms"}
{"level":50,"time":1648418686485,"pid":418,"hostname":"480bfb5987c2","method":"GET","url":"/boards","query":{},"body":null,"statusCode":401,"exception":"Unauthorized","classException":"UnauthorizedException","responseTime":"0ms"}
{"level":50,"time":1648418722657,"pid":418,"hostname":"480bfb5987c2","method":"GET","url":"/boards/eyJhbGciOiJIUzI1NiIsInR5cCI6IkpXVCJ9.eyJ1c2VySWQiOiI1YjhiODQ5Ny1mZTZmLTQ4OGQtYjcwYy00Zjk5NzUwMmZkOGYiLCJsb2dpbiI6InVzZXIwMDEiLCJpYXQiOjE2NDg0MTg3MDV9.A80Vc1IgfMJqhJ4mEU-uVhyq89gbLPcKSAsKvA4jzZ8","query":{},"body":null,"statusCode":404,"exception":"Cannot GET /boards/eyJhbGciOiJIUzI1NiIsInR5cCI6IkpXVCJ9.eyJ1c2VySWQiOiI1YjhiODQ5Ny1mZTZmLTQ4OGQtYjcwYy00Zjk5NzUwMmZkOGYiLCJsb2dpbiI6InVzZXIwMDEiLCJpYXQiOjE2NDg0MTg3MDV9.A80Vc1IgfMJqhJ4mEU-uVhyq89gbLPcKSAsKvA4jzZ8","classException":"NotFoundException","responseTime":"0ms"}
{"level":60,"time":1648418836895,"pid":418,"hostname":"480bfb5987c2","msg":"duplicate key value violates unique constraint \"columns_order_unique_constraint\""}
{"level":50,"time":1648418837529,"pid":418,"hostname":"480bfb5987c2","method":"POST","url":"/boards/be780168-5209-4162-b342-443b23c19e02/columns","query":{},"body":{"title":"Done","order":1},"statusCode":500,"exception":"duplicate key value violates unique constraint \"columns_order_unique_constraint\"","classException":"QueryFailedError","responseTime":"0ms"}
{"level":60,"time":1648418901027,"pid":418,"hostname":"480bfb5987c2","msg":"duplicate key value violates unique constraint \"columns_order_unique_constraint\""}
{"level":50,"time":1648418901717,"pid":418,"hostname":"480bfb5987c2","method":"POST","url":"/boards/be780168-5209-4162-b342-443b23c19e02/columns","query":{},"body":{"title":"Done","order":1},"statusCode":500,"exception":"duplicate key value violates unique constraint \"columns_order_unique_constraint\"","classException":"QueryFailedError","responseTime":"0ms"}
{"level":60,"time":1648419294543,"pid":457,"hostname":"480bfb5987c2","msg":"\"columns\" alias was not found. Maybe you forgot to join it?"}
{"level":50,"time":1648419294739,"pid":457,"hostname":"480bfb5987c2","method":"GET","url":"/boards/4912d404-ab76-4785-8622-e903a5a7981e/columns/7d771ab2-bd22-4eed-a1d8-bd4c68cca392","query":{},"body":null,"statusCode":500,"exception":"\"columns\" alias was not found. Maybe you forgot to join it?","classException":"TypeORMError","responseTime":"0ms"}
{"level":60,"time":1648419331604,"pid":457,"hostname":"480bfb5987c2","msg":"duplicate key value violates unique constraint \"columns_order_unique_constraint\""}
{"level":50,"time":1648419331889,"pid":457,"hostname":"480bfb5987c2","method":"POST","url":"/boards/4912d404-ab76-4785-8622-e903a5a7981e/columns","query":{},"body":{"title":"Done","order":3},"statusCode":500,"exception":"duplicate key value violates unique constraint \"columns_order_unique_constraint\"","classException":"QueryFailedError","responseTime":"0ms"}
{"level":60,"time":1648419437176,"pid":457,"hostname":"480bfb5987c2","msg":"\"columns\" alias was not found. Maybe you forgot to join it?"}
{"level":50,"time":1648419437215,"pid":457,"hostname":"480bfb5987c2","method":"GET","url":"/boards/be780168-5209-4162-b342-443b23c19e02/columns/fb7396af-d801-45eb-bd6e-846437821703","query":{},"body":null,"statusCode":500,"exception":"\"columns\" alias was not found. Maybe you forgot to join it?","classException":"TypeORMError","responseTime":"0ms"}
{"level":60,"time":1648419478327,"pid":470,"hostname":"480bfb5987c2","msg":"\"columns\" alias was not found. Maybe you forgot to join it?"}
{"level":50,"time":1648419479292,"pid":470,"hostname":"480bfb5987c2","method":"GET","url":"/boards/be780168-5209-4162-b342-443b23c19e02/columns/fb7396af-d801-45eb-bd6e-846437821703","query":{},"body":null,"statusCode":500,"exception":"\"columns\" alias was not found. Maybe you forgot to join it?","classException":"TypeORMError","responseTime":"1ms"}
{"level":60,"time":1648419492887,"pid":470,"hostname":"480bfb5987c2","msg":"\"columns\" alias was not found. Maybe you forgot to join it?"}
{"level":50,"time":1648419493409,"pid":470,"hostname":"480bfb5987c2","method":"GET","url":"/boards/be780168-5209-4162-b342-443b23c19e02/columns/fb7396af-d801-45eb-bd6e-846437821703","query":{},"body":null,"statusCode":500,"exception":"\"columns\" alias was not found. Maybe you forgot to join it?","classException":"TypeORMError","responseTime":"0ms"}
{"level":60,"time":1648419528514,"pid":483,"hostname":"480bfb5987c2","msg":"\"columns\" alias was not found. Maybe you forgot to join it?"}
{"level":50,"time":1648419528733,"pid":483,"hostname":"480bfb5987c2","method":"GET","url":"/boards/be780168-5209-4162-b342-443b23c19e02/columns/fb7396af-d801-45eb-bd6e-846437821703","query":{},"body":null,"statusCode":500,"exception":"\"columns\" alias was not found. Maybe you forgot to join it?","classException":"TypeORMError","responseTime":"0ms"}
{"level":60,"time":1648419585423,"pid":496,"hostname":"480bfb5987c2","msg":"\"columns\" alias was not found. Maybe you forgot to join it?"}
{"level":50,"time":1648419586343,"pid":496,"hostname":"480bfb5987c2","method":"GET","url":"/boards/be780168-5209-4162-b342-443b23c19e02/columns/fb7396af-d801-45eb-bd6e-846437821703","query":{},"body":null,"statusCode":500,"exception":"\"columns\" alias was not found. Maybe you forgot to join it?","classException":"TypeORMError","responseTime":"0ms"}
{"level":50,"time":1648503351847,"pid":65,"hostname":"35e1bdcbbaf5","method":"GET","url":"/","query":{},"body":null,"statusCode":404,"exception":"Cannot GET /","classException":"NotFoundException","responseTime":"0ms"}
{"level":50,"time":1648503351917,"pid":65,"hostname":"35e1bdcbbaf5","method":"GET","url":"/favicon.ico","query":{},"body":null,"statusCode":404,"exception":"Cannot GET /favicon.ico","classException":"NotFoundException","responseTime":"0ms"}
